Determining if the pthread_create exist failed with the following output:
Change Dir: /home/divjot/catkin_ws/build/CMakeFiles/CMakeTmp

Run Build Command:"/usr/bin/make" "cmTC_f13ca/fast"
/usr/bin/make -f CMakeFiles/cmTC_f13ca.dir/build.make CMakeFiles/cmTC_f13ca.dir/build
make[1]: Entering directory '/home/divjot/catkin_ws/build/CMakeFiles/CMakeTmp'
Building C object CMakeFiles/cmTC_f13ca.dir/CheckSymbolExists.c.o
/usr/bin/cc    -o CMakeFiles/cmTC_f13ca.dir/CheckSymbolExists.c.o   -c /home/divjot/catkin_ws/build/CMakeFiles/CMakeTmp/CheckSymbolExists.c
Linking C executable cmTC_f13ca
/usr/bin/cmake -E cmake_link_script CMakeFiles/cmTC_f13ca.dir/link.txt --verbose=1
/usr/bin/cc      -rdynamic CMakeFiles/cmTC_f13ca.dir/CheckSymbolExists.c.o  -o cmTC_f13ca 
CMakeFiles/cmTC_f13ca.dir/CheckSymbolExists.c.o: In function `main':
CheckSymbolExists.c:(.text+0x1b): undefined reference to `pthread_create'
collect2: error: ld returned 1 exit status
CMakeFiles/cmTC_f13ca.dir/build.make:97: recipe for target 'cmTC_f13ca' failed
make[1]: *** [cmTC_f13ca] Error 1
make[1]: Leaving directory '/home/divjot/catkin_ws/build/CMakeFiles/CMakeTmp'
Makefile:126: recipe for target 'cmTC_f13ca/fast' failed
make: *** [cmTC_f13ca/fast] Error 2

File /home/divjot/catkin_ws/build/CMakeFiles/CMakeTmp/CheckSymbolExists.c:
/* */
#include <pthread.h>

int main(int argc, char** argv)
{
  (void)argv;
#ifndef pthread_create
  return ((int*)(&pthread_create))[argc];
#else
  (void)argc;
  return 0;
#endif
}

Determining if the function pthread_create exists in the pthreads failed with the following output:
Change Dir: /home/divjot/catkin_ws/build/CMakeFiles/CMakeTmp

Run Build Command:"/usr/bin/make" "cmTC_a09b2/fast"
/usr/bin/make -f CMakeFiles/cmTC_a09b2.dir/build.make CMakeFiles/cmTC_a09b2.dir/build
make[1]: Entering directory '/home/divjot/catkin_ws/build/CMakeFiles/CMakeTmp'
Building C object CMakeFiles/cmTC_a09b2.dir/CheckFunctionExists.c.o
/usr/bin/cc   -DCHECK_FUNCTION_EXISTS=pthread_create   -o CMakeFiles/cmTC_a09b2.dir/CheckFunctionExists.c.o   -c /usr/share/cmake-3.10/Modules/CheckFunctionExists.c
Linking C executable cmTC_a09b2
/usr/bin/cmake -E cmake_link_script CMakeFiles/cmTC_a09b2.dir/link.txt --verbose=1
/usr/bin/cc  -DCHECK_FUNCTION_EXISTS=pthread_create    -rdynamic CMakeFiles/cmTC_a09b2.dir/CheckFunctionExists.c.o  -o cmTC_a09b2 -lpthreads 
/usr/bin/ld: cannot find -lpthreads
collect2: error: ld returned 1 exit status
CMakeFiles/cmTC_a09b2.dir/build.make:97: recipe for target 'cmTC_a09b2' failed
make[1]: *** [cmTC_a09b2] Error 1
make[1]: Leaving directory '/home/divjot/catkin_ws/build/CMakeFiles/CMakeTmp'
Makefile:126: recipe for target 'cmTC_a09b2/fast' failed
make: *** [cmTC_a09b2/fast] Error 2


Performing C SOURCE FILE Test CMAKE_HAVE_LIBC_PTHREAD failed with the following output:
Change Dir: /home/divjot/catkin_ws/build/CMakeFiles/CMakeTmp

Run Build Command(s):/usr/bin/make -f Makefile cmTC_fc4d6/fast && /usr/bin/make  -f CMakeFiles/cmTC_fc4d6.dir/build.make CMakeFiles/cmTC_fc4d6.dir/build
make[1]: Entering directory '/home/divjot/catkin_ws/build/CMakeFiles/CMakeTmp'
Building C object CMakeFiles/cmTC_fc4d6.dir/src.c.o
/usr/bin/cc -DCMAKE_HAVE_LIBC_PTHREAD   -o CMakeFiles/cmTC_fc4d6.dir/src.c.o -c /home/divjot/catkin_ws/build/CMakeFiles/CMakeTmp/src.c
Linking C executable cmTC_fc4d6
/usr/local/bin/cmake -E cmake_link_script CMakeFiles/cmTC_fc4d6.dir/link.txt --verbose=1
/usr/bin/cc -rdynamic CMakeFiles/cmTC_fc4d6.dir/src.c.o -o cmTC_fc4d6 
CMakeFiles/cmTC_fc4d6.dir/src.c.o: In function `main':
src.c:(.text+0x3e): undefined reference to `pthread_create'
src.c:(.text+0x4a): undefined reference to `pthread_detach'
src.c:(.text+0x56): undefined reference to `pthread_cancel'
src.c:(.text+0x67): undefined reference to `pthread_join'
src.c:(.text+0x7b): undefined reference to `pthread_atfork'
collect2: error: ld returned 1 exit status
CMakeFiles/cmTC_fc4d6.dir/build.make:98: recipe for target 'cmTC_fc4d6' failed
make[1]: *** [cmTC_fc4d6] Error 1
make[1]: Leaving directory '/home/divjot/catkin_ws/build/CMakeFiles/CMakeTmp'
Makefile:127: recipe for target 'cmTC_fc4d6/fast' failed
make: *** [cmTC_fc4d6/fast] Error 2


Source file was:
#include <pthread.h>

static void* test_func(void* data)
{
  return data;
}

int main(void)
{
  pthread_t thread;
  pthread_create(&thread, NULL, test_func, NULL);
  pthread_detach(thread);
  pthread_cancel(thread);
  pthread_join(thread, NULL);
  pthread_atfork(NULL, NULL, NULL);
  pthread_exit(NULL);

  return 0;
}

